<?xml version="1.0" encoding="UTF-8"?>
<testsuite name="com.gior.skeleton.example.data.exception.RepositoryErrorBundleTest" tests="1" skipped="0" failures="0" errors="0" timestamp="2015-05-06T09:37:29" hostname="Tomass-MacBook-Pro.local" time="0.102">
  <properties/>
  <testcase name="testGetErrorMessageInteraction" classname="com.gior.skeleton.example.data.exception.RepositoryErrorBundleTest" time="0.102"/>
  <system-out><![CDATA[]]></system-out>
  <system-err><![CDATA[]]></system-err>
</testsuite>
