<?xml version="1.0" encoding="UTF-8"?>
<testsuite name="com.gior.skeleton.example.data.entity.mapper.UserEntityJsonMapperTest" tests="4" skipped="0" failures="0" errors="0" timestamp="2015-05-06T09:37:29" hostname="Tomass-MacBook-Pro.local" time="0.12">
  <properties/>
  <testcase name="testTransformUserEntityHappyCase" classname="com.gior.skeleton.example.data.entity.mapper.UserEntityJsonMapperTest" time="0.031"/>
  <testcase name="testTransformUserEntityNotValidResponse" classname="com.gior.skeleton.example.data.entity.mapper.UserEntityJsonMapperTest" time="0.028"/>
  <testcase name="testTransformUserEntityCollectionHappyCase" classname="com.gior.skeleton.example.data.entity.mapper.UserEntityJsonMapperTest" time="0.035"/>
  <testcase name="testTransformUserEntityCollectionNotValidResponse" classname="com.gior.skeleton.example.data.entity.mapper.UserEntityJsonMapperTest" time="0.023"/>
  <system-out><![CDATA[]]></system-out>
  <system-err><![CDATA[]]></system-err>
</testsuite>
