<?xml version="1.0" encoding="UTF-8"?>
<testsuite name="com.gior.skeleton.example.data.cache.serializer.JsonSerializerTest" tests="2" skipped="0" failures="0" errors="0" timestamp="2015-05-06T09:37:28" hostname="Tomass-MacBook-Pro.local" time="0.172">
  <properties/>
  <testcase name="testSerializeHappyCase" classname="com.gior.skeleton.example.data.cache.serializer.JsonSerializerTest" time="0.147"/>
  <testcase name="testDesearializeHappyCase" classname="com.gior.skeleton.example.data.cache.serializer.JsonSerializerTest" time="0.023"/>
  <system-out><![CDATA[]]></system-out>
  <system-err><![CDATA[]]></system-err>
</testsuite>
