<?xml version="1.0" encoding="UTF-8"?>
<testsuite name="com.gior.skeleton.example.data.repository.datasource.UserDataStoreFactoryTest" tests="2" skipped="0" failures="0" errors="0" timestamp="2015-05-06T09:37:29" hostname="Tomass-MacBook-Pro.local" time="0.065">
  <properties/>
  <testcase name="testCreateCloudDataStore" classname="com.gior.skeleton.example.data.repository.datasource.UserDataStoreFactoryTest" time="0.05"/>
  <testcase name="testCreateDiskDataStore" classname="com.gior.skeleton.example.data.repository.datasource.UserDataStoreFactoryTest" time="0.015"/>
  <system-out><![CDATA[]]></system-out>
  <system-err><![CDATA[]]></system-err>
</testsuite>
