<?xml version="1.0" encoding="UTF-8"?>
<testsuite name="com.gior.skeleton.example.data.entity.mapper.UserEntityDataMapperTest" tests="2" skipped="0" failures="0" errors="0" timestamp="2015-05-06T09:37:29" hostname="Tomass-MacBook-Pro.local" time="0.293">
  <properties/>
  <testcase name="testTransformUserEntity" classname="com.gior.skeleton.example.data.entity.mapper.UserEntityDataMapperTest" time="0.021"/>
  <testcase name="testTransformUserEntityCollection" classname="com.gior.skeleton.example.data.entity.mapper.UserEntityDataMapperTest" time="0.271"/>
  <system-out><![CDATA[]]></system-out>
  <system-err><![CDATA[]]></system-err>
</testsuite>
